  ROServer.cpp
D:\Desktop\portfolio\C++\Rainfall\src\Nanz_Net.h(80,1): warning C4267: '=': conversion from 'size_t' to 'uint32_t', possible loss of data
D:\Desktop\portfolio\C++\ROServer\ROServer.cpp(46): message : see reference to function template instantiation 'nanz::net::message<T> &nanz::net::operator <<<int>(nanz::net::message<T> &,const DataType &)' being compiled
          with
          [
              T=GameMsg,
              DataType=int
          ]
D:\Desktop\portfolio\C++\ROServer\ROServer.cpp(46): message : see reference to function template instantiation 'nanz::net::message<T> &nanz::net::operator <<<int>(nanz::net::message<T> &,const DataType &)' being compiled
          with
          [
              T=GameMsg,
              DataType=int
          ]
D:\Desktop\portfolio\C++\Rainfall\src\Nanz_Net.h(102,1): warning C4267: '=': conversion from 'size_t' to 'uint32_t', possible loss of data
D:\Desktop\portfolio\C++\ROServer\ROServer.cpp(128): message : see reference to function template instantiation 'nanz::net::message<T> &nanz::net::operator >><sPlayerDescription>(nanz::net::message<T> &,DataType &)' being compiled
          with
          [
              T=GameMsg,
              DataType=sPlayerDescription
          ]
D:\Desktop\portfolio\C++\ROServer\ROServer.cpp(128): message : see reference to function template instantiation 'nanz::net::message<T> &nanz::net::operator >><sPlayerDescription>(nanz::net::message<T> &,DataType &)' being compiled
          with
          [
              T=GameMsg,
              DataType=sPlayerDescription
          ]
D:\Desktop\portfolio\C++\ROServer\ROServer.cpp(399): warning C4715: 'IsTileWalkable': not all control paths return a value
  ROServer.vcxproj -> D:\Desktop\portfolio\C++\Rainfall\x64\Debug\ROServer.exe
